<?xml version="1.0" encoding="UTF-8"?>
<testsuite xmlns:xsi="http://www.w3.org/2001/XMLSchema-instance" xsi:noNamespaceSchemaLocation="https://maven.apache.org/surefire/maven-surefire-plugin/xsd/surefire-test-report-3.0.xsd" version="3.0" name="com.bookstore.author.AuthorEdgeCaseTest" time="2.92" tests="7" errors="0" skipped="0" failures="0">
  <properties>
    <property name="java.specification.version" value="17"/>
    <property name="sun.jnu.encoding" value="UTF-8"/>
    <property name="java.class.path" value="/Users/cendeldogan/Desktop/bookstore-api-automation/target/test-classes:/Users/cendeldogan/Desktop/bookstore-api-automation/target/classes:/Users/cendeldogan/.m2/repository/io/rest-assured/rest-assured/5.3.0/rest-assured-5.3.0.jar:/Users/cendeldogan/.m2/repository/org/apache/groovy/groovy/4.0.6/groovy-4.0.6.jar:/Users/cendeldogan/.m2/repository/org/apache/groovy/groovy-xml/4.0.6/groovy-xml-4.0.6.jar:/Users/cendeldogan/.m2/repository/org/apache/httpcomponents/httpclient/4.5.13/httpclient-4.5.13.jar:/Users/cendeldogan/.m2/repository/org/apache/httpcomponents/httpcore/4.4.13/httpcore-4.4.13.jar:/Users/cendeldogan/.m2/repository/commons-logging/commons-logging/1.2/commons-logging-1.2.jar:/Users/cendeldogan/.m2/repository/commons-codec/commons-codec/1.11/commons-codec-1.11.jar:/Users/cendeldogan/.m2/repository/org/apache/httpcomponents/httpmime/4.5.13/httpmime-4.5.13.jar:/Users/cendeldogan/.m2/repository/org/hamcrest/hamcrest/2.1/hamcrest-2.1.jar:/Users/cendeldogan/.m2/repository/org/ccil/cowan/tagsoup/tagsoup/1.2.1/tagsoup-1.2.1.jar:/Users/cendeldogan/.m2/repository/io/rest-assured/json-path/5.3.0/json-path-5.3.0.jar:/Users/cendeldogan/.m2/repository/org/apache/groovy/groovy-json/4.0.6/groovy-json-4.0.6.jar:/Users/cendeldogan/.m2/repository/io/rest-assured/rest-assured-common/5.3.0/rest-assured-common-5.3.0.jar:/Users/cendeldogan/.m2/repository/io/rest-assured/xml-path/5.3.0/xml-path-5.3.0.jar:/Users/cendeldogan/.m2/repository/org/apache/commons/commons-lang3/3.11/commons-lang3-3.11.jar:/Users/cendeldogan/.m2/repository/io/rest-assured/json-schema-validator/5.3.0/json-schema-validator-5.3.0.jar:/Users/cendeldogan/.m2/repository/com/github/java-json-tools/json-schema-validator/2.2.14/json-schema-validator-2.2.14.jar:/Users/cendeldogan/.m2/repository/com/google/guava/guava/28.2-android/guava-28.2-android.jar:/Users/cendeldogan/.m2/repository/com/google/guava/failureaccess/1.0.1/failureaccess-1.0.1.jar:/Users/cendeldogan/.m2/repository/com/google/guava/listenablefuture/9999.0-empty-to-avoid-conflict-with-guava/listenablefuture-9999.0-empty-to-avoid-conflict-with-guava.jar:/Users/cendeldogan/.m2/repository/org/checkerframework/checker-compat-qual/2.5.5/checker-compat-qual-2.5.5.jar:/Users/cendeldogan/.m2/repository/com/google/errorprone/error_prone_annotations/2.3.4/error_prone_annotations-2.3.4.jar:/Users/cendeldogan/.m2/repository/com/google/j2objc/j2objc-annotations/1.3/j2objc-annotations-1.3.jar:/Users/cendeldogan/.m2/repository/com/github/java-json-tools/jackson-coreutils-equivalence/1.0/jackson-coreutils-equivalence-1.0.jar:/Users/cendeldogan/.m2/repository/com/github/java-json-tools/jackson-coreutils/2.0/jackson-coreutils-2.0.jar:/Users/cendeldogan/.m2/repository/com/github/java-json-tools/msg-simple/1.2/msg-simple-1.2.jar:/Users/cendeldogan/.m2/repository/com/github/java-json-tools/btf/1.3/btf-1.3.jar:/Users/cendeldogan/.m2/repository/com/github/java-json-tools/json-schema-core/1.2.14/json-schema-core-1.2.14.jar:/Users/cendeldogan/.m2/repository/com/github/java-json-tools/uri-template/0.10/uri-template-0.10.jar:/Users/cendeldogan/.m2/repository/org/mozilla/rhino/1.7.7.2/rhino-1.7.7.2.jar:/Users/cendeldogan/.m2/repository/com/sun/mail/mailapi/1.6.2/mailapi-1.6.2.jar:/Users/cendeldogan/.m2/repository/joda-time/joda-time/2.10.5/joda-time-2.10.5.jar:/Users/cendeldogan/.m2/repository/com/google/code/findbugs/jsr305/3.0.2/jsr305-3.0.2.jar:/Users/cendeldogan/.m2/repository/net/sf/jopt-simple/jopt-simple/5.0.4/jopt-simple-5.0.4.jar:/Users/cendeldogan/.m2/repository/org/junit/jupiter/junit-jupiter/5.9.2/junit-jupiter-5.9.2.jar:/Users/cendeldogan/.m2/repository/org/junit/jupiter/junit-jupiter-api/5.9.2/junit-jupiter-api-5.9.2.jar:/Users/cendeldogan/.m2/repository/org/opentest4j/opentest4j/1.2.0/opentest4j-1.2.0.jar:/Users/cendeldogan/.m2/repository/org/junit/platform/junit-platform-commons/1.9.2/junit-platform-commons-1.9.2.jar:/Users/cendeldogan/.m2/repository/org/apiguardian/apiguardian-api/1.1.2/apiguardian-api-1.1.2.jar:/Users/cendeldogan/.m2/repository/org/junit/jupiter/junit-jupiter-params/5.9.2/junit-jupiter-params-5.9.2.jar:/Users/cendeldogan/.m2/repository/org/junit/jupiter/junit-jupiter-engine/5.9.2/junit-jupiter-engine-5.9.2.jar:/Users/cendeldogan/.m2/repository/org/junit/platform/junit-platform-engine/1.9.2/junit-platform-engine-1.9.2.jar:/Users/cendeldogan/.m2/repository/io/qameta/allure/allure-junit5/2.20.1/allure-junit5-2.20.1.jar:/Users/cendeldogan/.m2/repository/io/qameta/allure/allure-junit-platform/2.20.1/allure-junit-platform-2.20.1.jar:/Users/cendeldogan/.m2/repository/io/qameta/allure/allure-java-commons/2.20.1/allure-java-commons-2.20.1.jar:/Users/cendeldogan/.m2/repository/org/slf4j/slf4j-api/1.7.36/slf4j-api-1.7.36.jar:/Users/cendeldogan/.m2/repository/io/qameta/allure/allure-model/2.20.1/allure-model-2.20.1.jar:/Users/cendeldogan/.m2/repository/io/qameta/allure/allure-test-filter/2.20.1/allure-test-filter-2.20.1.jar:/Users/cendeldogan/.m2/repository/org/junit/platform/junit-platform-launcher/1.8.2/junit-platform-launcher-1.8.2.jar:/Users/cendeldogan/.m2/repository/io/qameta/allure/allure-rest-assured/2.20.1/allure-rest-assured-2.20.1.jar:/Users/cendeldogan/.m2/repository/io/qameta/allure/allure-attachments/2.20.1/allure-attachments-2.20.1.jar:/Users/cendeldogan/.m2/repository/org/freemarker/freemarker/2.3.31/freemarker-2.3.31.jar:/Users/cendeldogan/.m2/repository/com/fasterxml/jackson/core/jackson-databind/2.15.2/jackson-databind-2.15.2.jar:/Users/cendeldogan/.m2/repository/com/fasterxml/jackson/core/jackson-annotations/2.15.2/jackson-annotations-2.15.2.jar:/Users/cendeldogan/.m2/repository/com/fasterxml/jackson/core/jackson-core/2.15.2/jackson-core-2.15.2.jar:/Users/cendeldogan/.m2/repository/org/assertj/assertj-core/3.24.2/assertj-core-3.24.2.jar:/Users/cendeldogan/.m2/repository/net/bytebuddy/byte-buddy/1.12.21/byte-buddy-1.12.21.jar:/Users/cendeldogan/.m2/repository/org/projectlombok/lombok/1.18.28/lombok-1.18.28.jar:/Users/cendeldogan/.m2/repository/net/datafaker/datafaker/2.4.4/datafaker-2.4.4.jar:/Users/cendeldogan/.m2/repository/org/yaml/snakeyaml/2.4/snakeyaml-2.4.jar:/Users/cendeldogan/.m2/repository/com/github/curious-odd-man/rgxgen/3.0/rgxgen-3.0.jar:/Users/cendeldogan/.m2/repository/com/googlecode/libphonenumber/libphonenumber/9.0.9/libphonenumber-9.0.9.jar:"/>
    <property name="java.vm.vendor" value="Oracle Corporation"/>
    <property name="sun.arch.data.model" value="64"/>
    <property name="java.vendor.url" value="https://java.oracle.com/"/>
    <property name="user.timezone" value="Europe/Istanbul"/>
    <property name="os.name" value="Mac OS X"/>
    <property name="java.vm.specification.version" value="17"/>
    <property name="sun.java.launcher" value="SUN_STANDARD"/>
    <property name="user.country" value="TR"/>
    <property name="sun.boot.library.path" value="/Library/Java/JavaVirtualMachines/jdk-17.jdk/Contents/Home/lib"/>
    <property name="sun.java.command" value="/Users/cendeldogan/Desktop/bookstore-api-automation/target/surefire/surefirebooter-20250811062457843_3.jar /Users/cendeldogan/Desktop/bookstore-api-automation/target/surefire 2025-08-11T06-24-57_650-jvmRun1 surefire-20250811062457843_1tmp surefire_0-20250811062457843_2tmp"/>
    <property name="jdk.debug" value="release"/>
    <property name="surefire.test.class.path" value="/Users/cendeldogan/Desktop/bookstore-api-automation/target/test-classes:/Users/cendeldogan/Desktop/bookstore-api-automation/target/classes:/Users/cendeldogan/.m2/repository/io/rest-assured/rest-assured/5.3.0/rest-assured-5.3.0.jar:/Users/cendeldogan/.m2/repository/org/apache/groovy/groovy/4.0.6/groovy-4.0.6.jar:/Users/cendeldogan/.m2/repository/org/apache/groovy/groovy-xml/4.0.6/groovy-xml-4.0.6.jar:/Users/cendeldogan/.m2/repository/org/apache/httpcomponents/httpclient/4.5.13/httpclient-4.5.13.jar:/Users/cendeldogan/.m2/repository/org/apache/httpcomponents/httpcore/4.4.13/httpcore-4.4.13.jar:/Users/cendeldogan/.m2/repository/commons-logging/commons-logging/1.2/commons-logging-1.2.jar:/Users/cendeldogan/.m2/repository/commons-codec/commons-codec/1.11/commons-codec-1.11.jar:/Users/cendeldogan/.m2/repository/org/apache/httpcomponents/httpmime/4.5.13/httpmime-4.5.13.jar:/Users/cendeldogan/.m2/repository/org/hamcrest/hamcrest/2.1/hamcrest-2.1.jar:/Users/cendeldogan/.m2/repository/org/ccil/cowan/tagsoup/tagsoup/1.2.1/tagsoup-1.2.1.jar:/Users/cendeldogan/.m2/repository/io/rest-assured/json-path/5.3.0/json-path-5.3.0.jar:/Users/cendeldogan/.m2/repository/org/apache/groovy/groovy-json/4.0.6/groovy-json-4.0.6.jar:/Users/cendeldogan/.m2/repository/io/rest-assured/rest-assured-common/5.3.0/rest-assured-common-5.3.0.jar:/Users/cendeldogan/.m2/repository/io/rest-assured/xml-path/5.3.0/xml-path-5.3.0.jar:/Users/cendeldogan/.m2/repository/org/apache/commons/commons-lang3/3.11/commons-lang3-3.11.jar:/Users/cendeldogan/.m2/repository/io/rest-assured/json-schema-validator/5.3.0/json-schema-validator-5.3.0.jar:/Users/cendeldogan/.m2/repository/com/github/java-json-tools/json-schema-validator/2.2.14/json-schema-validator-2.2.14.jar:/Users/cendeldogan/.m2/repository/com/google/guava/guava/28.2-android/guava-28.2-android.jar:/Users/cendeldogan/.m2/repository/com/google/guava/failureaccess/1.0.1/failureaccess-1.0.1.jar:/Users/cendeldogan/.m2/repository/com/google/guava/listenablefuture/9999.0-empty-to-avoid-conflict-with-guava/listenablefuture-9999.0-empty-to-avoid-conflict-with-guava.jar:/Users/cendeldogan/.m2/repository/org/checkerframework/checker-compat-qual/2.5.5/checker-compat-qual-2.5.5.jar:/Users/cendeldogan/.m2/repository/com/google/errorprone/error_prone_annotations/2.3.4/error_prone_annotations-2.3.4.jar:/Users/cendeldogan/.m2/repository/com/google/j2objc/j2objc-annotations/1.3/j2objc-annotations-1.3.jar:/Users/cendeldogan/.m2/repository/com/github/java-json-tools/jackson-coreutils-equivalence/1.0/jackson-coreutils-equivalence-1.0.jar:/Users/cendeldogan/.m2/repository/com/github/java-json-tools/jackson-coreutils/2.0/jackson-coreutils-2.0.jar:/Users/cendeldogan/.m2/repository/com/github/java-json-tools/msg-simple/1.2/msg-simple-1.2.jar:/Users/cendeldogan/.m2/repository/com/github/java-json-tools/btf/1.3/btf-1.3.jar:/Users/cendeldogan/.m2/repository/com/github/java-json-tools/json-schema-core/1.2.14/json-schema-core-1.2.14.jar:/Users/cendeldogan/.m2/repository/com/github/java-json-tools/uri-template/0.10/uri-template-0.10.jar:/Users/cendeldogan/.m2/repository/org/mozilla/rhino/1.7.7.2/rhino-1.7.7.2.jar:/Users/cendeldogan/.m2/repository/com/sun/mail/mailapi/1.6.2/mailapi-1.6.2.jar:/Users/cendeldogan/.m2/repository/joda-time/joda-time/2.10.5/joda-time-2.10.5.jar:/Users/cendeldogan/.m2/repository/com/google/code/findbugs/jsr305/3.0.2/jsr305-3.0.2.jar:/Users/cendeldogan/.m2/repository/net/sf/jopt-simple/jopt-simple/5.0.4/jopt-simple-5.0.4.jar:/Users/cendeldogan/.m2/repository/org/junit/jupiter/junit-jupiter/5.9.2/junit-jupiter-5.9.2.jar:/Users/cendeldogan/.m2/repository/org/junit/jupiter/junit-jupiter-api/5.9.2/junit-jupiter-api-5.9.2.jar:/Users/cendeldogan/.m2/repository/org/opentest4j/opentest4j/1.2.0/opentest4j-1.2.0.jar:/Users/cendeldogan/.m2/repository/org/junit/platform/junit-platform-commons/1.9.2/junit-platform-commons-1.9.2.jar:/Users/cendeldogan/.m2/repository/org/apiguardian/apiguardian-api/1.1.2/apiguardian-api-1.1.2.jar:/Users/cendeldogan/.m2/repository/org/junit/jupiter/junit-jupiter-params/5.9.2/junit-jupiter-params-5.9.2.jar:/Users/cendeldogan/.m2/repository/org/junit/jupiter/junit-jupiter-engine/5.9.2/junit-jupiter-engine-5.9.2.jar:/Users/cendeldogan/.m2/repository/org/junit/platform/junit-platform-engine/1.9.2/junit-platform-engine-1.9.2.jar:/Users/cendeldogan/.m2/repository/io/qameta/allure/allure-junit5/2.20.1/allure-junit5-2.20.1.jar:/Users/cendeldogan/.m2/repository/io/qameta/allure/allure-junit-platform/2.20.1/allure-junit-platform-2.20.1.jar:/Users/cendeldogan/.m2/repository/io/qameta/allure/allure-java-commons/2.20.1/allure-java-commons-2.20.1.jar:/Users/cendeldogan/.m2/repository/org/slf4j/slf4j-api/1.7.36/slf4j-api-1.7.36.jar:/Users/cendeldogan/.m2/repository/io/qameta/allure/allure-model/2.20.1/allure-model-2.20.1.jar:/Users/cendeldogan/.m2/repository/io/qameta/allure/allure-test-filter/2.20.1/allure-test-filter-2.20.1.jar:/Users/cendeldogan/.m2/repository/org/junit/platform/junit-platform-launcher/1.8.2/junit-platform-launcher-1.8.2.jar:/Users/cendeldogan/.m2/repository/io/qameta/allure/allure-rest-assured/2.20.1/allure-rest-assured-2.20.1.jar:/Users/cendeldogan/.m2/repository/io/qameta/allure/allure-attachments/2.20.1/allure-attachments-2.20.1.jar:/Users/cendeldogan/.m2/repository/org/freemarker/freemarker/2.3.31/freemarker-2.3.31.jar:/Users/cendeldogan/.m2/repository/com/fasterxml/jackson/core/jackson-databind/2.15.2/jackson-databind-2.15.2.jar:/Users/cendeldogan/.m2/repository/com/fasterxml/jackson/core/jackson-annotations/2.15.2/jackson-annotations-2.15.2.jar:/Users/cendeldogan/.m2/repository/com/fasterxml/jackson/core/jackson-core/2.15.2/jackson-core-2.15.2.jar:/Users/cendeldogan/.m2/repository/org/assertj/assertj-core/3.24.2/assertj-core-3.24.2.jar:/Users/cendeldogan/.m2/repository/net/bytebuddy/byte-buddy/1.12.21/byte-buddy-1.12.21.jar:/Users/cendeldogan/.m2/repository/org/projectlombok/lombok/1.18.28/lombok-1.18.28.jar:/Users/cendeldogan/.m2/repository/net/datafaker/datafaker/2.4.4/datafaker-2.4.4.jar:/Users/cendeldogan/.m2/repository/org/yaml/snakeyaml/2.4/snakeyaml-2.4.jar:/Users/cendeldogan/.m2/repository/com/github/curious-odd-man/rgxgen/3.0/rgxgen-3.0.jar:/Users/cendeldogan/.m2/repository/com/googlecode/libphonenumber/libphonenumber/9.0.9/libphonenumber-9.0.9.jar:"/>
    <property name="sun.cpu.endian" value="little"/>
    <property name="user.home" value="/Users/cendeldogan"/>
    <property name="user.language" value="en"/>
    <property name="java.specification.vendor" value="Oracle Corporation"/>
    <property name="java.version.date" value="2024-07-16"/>
    <property name="java.home" value="/Library/Java/JavaVirtualMachines/jdk-17.jdk/Contents/Home"/>
    <property name="file.separator" value="/"/>
    <property name="basedir" value="/Users/cendeldogan/Desktop/bookstore-api-automation"/>
    <property name="java.vm.compressedOopsMode" value="Zero based"/>
    <property name="line.separator" value="&#10;"/>
    <property name="java.vm.specification.vendor" value="Oracle Corporation"/>
    <property name="java.specification.name" value="Java Platform API Specification"/>
    <property name="surefire.real.class.path" value="/Users/cendeldogan/Desktop/bookstore-api-automation/target/surefire/surefirebooter-20250811062457843_3.jar"/>
    <property name="sun.management.compiler" value="HotSpot 64-Bit Tiered Compilers"/>
    <property name="java.runtime.version" value="17.0.12+8-LTS-286"/>
    <property name="user.name" value="cendeldogan"/>
    <property name="path.separator" value=":"/>
    <property name="os.version" value="15.6"/>
    <property name="java.runtime.name" value="Java(TM) SE Runtime Environment"/>
    <property name="file.encoding" value="UTF-8"/>
    <property name="java.vm.name" value="Java HotSpot(TM) 64-Bit Server VM"/>
    <property name="localRepository" value="/Users/cendeldogan/.m2/repository"/>
    <property name="java.vendor.url.bug" value="https://bugreport.java.com/bugreport/"/>
    <property name="java.io.tmpdir" value="/var/folders/b2/2xjzpq2d7t59zqhrl5x5r_7h0000gn/T/"/>
    <property name="java.version" value="17.0.12"/>
    <property name="user.dir" value="/Users/cendeldogan/Desktop/bookstore-api-automation"/>
    <property name="os.arch" value="x86_64"/>
    <property name="java.vm.specification.name" value="Java Virtual Machine Specification"/>
    <property name="native.encoding" value="UTF-8"/>
    <property name="java.library.path" value="/Users/cendeldogan/Library/Java/Extensions:/Library/Java/Extensions:/Network/Library/Java/Extensions:/System/Library/Java/Extensions:/usr/lib/java:."/>
    <property name="java.vm.info" value="mixed mode, sharing"/>
    <property name="java.vendor" value="Oracle Corporation"/>
    <property name="java.vm.version" value="17.0.12+8-LTS-286"/>
    <property name="sun.io.unicode.encoding" value="UnicodeBig"/>
    <property name="java.class.version" value="61.0"/>
  </properties>
  <testcase name="createAuthorWithEmptyFirstAndLastName" classname="com.bookstore.author.AuthorEdgeCaseTest" time="0.515">
    <system-out><![CDATA[HTTP/1.1 200 OK
Content-Type: application/json; charset=utf-8; v=1.0
Date: Mon, 11 Aug 2025 03:25:02 GMT
Server: Kestrel
Transfer-Encoding: chunked
api-supported-versions: 1.0

{
    "id": 91973,
    "idBook": 86292,
    "firstName": "",
    "lastName": ""
}
HTTP/1.1 200 OK
Content-Length: 0
Date: Mon, 11 Aug 2025 03:25:02 GMT
Server: Kestrel
api-supported-versions: 1.0
]]></system-out>
  </testcase>
  <testcase name="createAuthorWithSpecialCharacters" classname="com.bookstore.author.AuthorEdgeCaseTest" time="0.417">
    <system-out><![CDATA[HTTP/1.1 200 OK
Content-Type: application/json; charset=utf-8; v=1.0
Date: Mon, 11 Aug 2025 03:25:02 GMT
Server: Kestrel
Transfer-Encoding: chunked
api-supported-versions: 1.0

{
    "id": 94769,
    "idBook": 60817,
    "firstName": "Jöhn D'oe",
    "lastName": "O'Conner-Smith"
}
HTTP/1.1 200 OK
Content-Length: 0
Date: Mon, 11 Aug 2025 03:25:02 GMT
Server: Kestrel
api-supported-versions: 1.0
]]></system-out>
  </testcase>
  <testcase name="createAuthorWithNullFirstName" classname="com.bookstore.author.AuthorEdgeCaseTest" time="0.396">
    <system-out><![CDATA[HTTP/1.1 200 OK
Content-Type: application/json; charset=utf-8; v=1.0
Date: Mon, 11 Aug 2025 03:25:02 GMT
Server: Kestrel
Transfer-Encoding: chunked
api-supported-versions: 1.0

{
    "id": 51102,
    "idBook": 48011,
    "firstName": null,
    "lastName": "Hyatt"
}
HTTP/1.1 200 OK
Content-Length: 0
Date: Mon, 11 Aug 2025 03:25:03 GMT
Server: Kestrel
api-supported-versions: 1.0
]]></system-out>
  </testcase>
  <testcase name="createAuthorWithNullLastName" classname="com.bookstore.author.AuthorEdgeCaseTest" time="0.413">
    <system-out><![CDATA[HTTP/1.1 200 OK
Content-Type: application/json; charset=utf-8; v=1.0
Date: Mon, 11 Aug 2025 03:25:03 GMT
Server: Kestrel
Transfer-Encoding: chunked
api-supported-versions: 1.0

{
    "id": 31101,
    "idBook": 56841,
    "firstName": "Rickie",
    "lastName": null
}
HTTP/1.1 200 OK
Content-Length: 0
Date: Mon, 11 Aug 2025 03:25:03 GMT
Server: Kestrel
api-supported-versions: 1.0
]]></system-out>
  </testcase>
  <testcase name="createAuthorWithMaxLengthFields" classname="com.bookstore.author.AuthorEdgeCaseTest" time="0.37">
    <system-out><![CDATA[HTTP/1.1 200 OK
Content-Type: application/json; charset=utf-8; v=1.0
Date: Mon, 11 Aug 2025 03:25:03 GMT
Server: Kestrel
Transfer-Encoding: chunked
api-supported-versions: 1.0

{
    "id": 7008,
    "idBook": 80589,
    "firstName": "0eg3e03845920s1um0bu9ibn4786ceil56sj0k6v38k70617hl53zw5m3wfel250y3uy08q1aj79aj11dl4j5qr9fo9v809k7702hk7sjn02m0bfzlgp1891qokixrgok50b5f4zhj5k55860gow3xu6r22wd45b39877450t79s6k7hv7d8024za45bukks50j4t2p18j78zv3di49s93hu63u5397fy0s8u6z14uc7ybic10h2s53kn2d7i15",
    "lastName": "r6201214k3yl44xwln37nbzi13eoi8218i99hh07y1d349i0373305076em8624o52db6s6m9w6x1e826qhgn60uw52j552825l77et4c678ndt006xmw5szvg2r2de5ilp07z912y72x3r60fku0gw0d9vb4xaex1n8olq1194kbkztg2i13t58x16af1uurz314tw2r0e852m8hq43o9b8z2n51a4p492k2ww1tsh9nu8r0nc9ka69co3b1ri"
}
HTTP/1.1 200 OK
Content-Length: 0
Date: Mon, 11 Aug 2025 03:25:03 GMT
Server: Kestrel
api-supported-versions: 1.0
]]></system-out>
  </testcase>
  <testcase name="createAuthorWithEmptyFirstName" classname="com.bookstore.author.AuthorEdgeCaseTest" time="0.39">
    <system-out><![CDATA[HTTP/1.1 200 OK
Content-Type: application/json; charset=utf-8; v=1.0
Date: Mon, 11 Aug 2025 03:25:04 GMT
Server: Kestrel
Transfer-Encoding: chunked
api-supported-versions: 1.0

{
    "id": 96108,
    "idBook": 56229,
    "firstName": "",
    "lastName": "Keeling"
}
HTTP/1.1 200 OK
Content-Length: 0
Date: Mon, 11 Aug 2025 03:25:04 GMT
Server: Kestrel
api-supported-versions: 1.0
]]></system-out>
  </testcase>
  <testcase name="createAuthorWithEmptyLastName" classname="com.bookstore.author.AuthorEdgeCaseTest" time="0.405">
    <system-out><![CDATA[HTTP/1.1 200 OK
Content-Type: application/json; charset=utf-8; v=1.0
Date: Mon, 11 Aug 2025 03:25:04 GMT
Server: Kestrel
Transfer-Encoding: chunked
api-supported-versions: 1.0

{
    "id": 35022,
    "idBook": 29437,
    "firstName": "Gonzalo",
    "lastName": ""
}
HTTP/1.1 200 OK
Content-Length: 0
Date: Mon, 11 Aug 2025 03:25:04 GMT
Server: Kestrel
api-supported-versions: 1.0
]]></system-out>
  </testcase>
</testsuite>