<?xml version="1.0" encoding="UTF-8"?>
<testsuite xmlns:xsi="http://www.w3.org/2001/XMLSchema-instance" xsi:noNamespaceSchemaLocation="https://maven.apache.org/surefire/maven-surefire-plugin/xsd/surefire-test-report-3.0.xsd" version="3.0" name="com.bookstore.book.BookEdgeCaseTest" time="2.383" tests="9" errors="0" skipped="0" failures="0">
  <properties>
    <property name="java.specification.version" value="17"/>
    <property name="sun.jnu.encoding" value="UTF-8"/>
    <property name="java.class.path" value="/Users/cendeldogan/Desktop/bookstore-api-automation/target/test-classes:/Users/cendeldogan/Desktop/bookstore-api-automation/target/classes:/Users/cendeldogan/.m2/repository/io/rest-assured/rest-assured/5.3.0/rest-assured-5.3.0.jar:/Users/cendeldogan/.m2/repository/org/apache/groovy/groovy/4.0.6/groovy-4.0.6.jar:/Users/cendeldogan/.m2/repository/org/apache/groovy/groovy-xml/4.0.6/groovy-xml-4.0.6.jar:/Users/cendeldogan/.m2/repository/org/apache/httpcomponents/httpclient/4.5.13/httpclient-4.5.13.jar:/Users/cendeldogan/.m2/repository/org/apache/httpcomponents/httpcore/4.4.13/httpcore-4.4.13.jar:/Users/cendeldogan/.m2/repository/commons-logging/commons-logging/1.2/commons-logging-1.2.jar:/Users/cendeldogan/.m2/repository/commons-codec/commons-codec/1.11/commons-codec-1.11.jar:/Users/cendeldogan/.m2/repository/org/apache/httpcomponents/httpmime/4.5.13/httpmime-4.5.13.jar:/Users/cendeldogan/.m2/repository/org/hamcrest/hamcrest/2.1/hamcrest-2.1.jar:/Users/cendeldogan/.m2/repository/org/ccil/cowan/tagsoup/tagsoup/1.2.1/tagsoup-1.2.1.jar:/Users/cendeldogan/.m2/repository/io/rest-assured/json-path/5.3.0/json-path-5.3.0.jar:/Users/cendeldogan/.m2/repository/org/apache/groovy/groovy-json/4.0.6/groovy-json-4.0.6.jar:/Users/cendeldogan/.m2/repository/io/rest-assured/rest-assured-common/5.3.0/rest-assured-common-5.3.0.jar:/Users/cendeldogan/.m2/repository/io/rest-assured/xml-path/5.3.0/xml-path-5.3.0.jar:/Users/cendeldogan/.m2/repository/org/apache/commons/commons-lang3/3.11/commons-lang3-3.11.jar:/Users/cendeldogan/.m2/repository/io/rest-assured/json-schema-validator/5.3.0/json-schema-validator-5.3.0.jar:/Users/cendeldogan/.m2/repository/com/github/java-json-tools/json-schema-validator/2.2.14/json-schema-validator-2.2.14.jar:/Users/cendeldogan/.m2/repository/com/google/guava/guava/28.2-android/guava-28.2-android.jar:/Users/cendeldogan/.m2/repository/com/google/guava/failureaccess/1.0.1/failureaccess-1.0.1.jar:/Users/cendeldogan/.m2/repository/com/google/guava/listenablefuture/9999.0-empty-to-avoid-conflict-with-guava/listenablefuture-9999.0-empty-to-avoid-conflict-with-guava.jar:/Users/cendeldogan/.m2/repository/org/checkerframework/checker-compat-qual/2.5.5/checker-compat-qual-2.5.5.jar:/Users/cendeldogan/.m2/repository/com/google/errorprone/error_prone_annotations/2.3.4/error_prone_annotations-2.3.4.jar:/Users/cendeldogan/.m2/repository/com/google/j2objc/j2objc-annotations/1.3/j2objc-annotations-1.3.jar:/Users/cendeldogan/.m2/repository/com/github/java-json-tools/jackson-coreutils-equivalence/1.0/jackson-coreutils-equivalence-1.0.jar:/Users/cendeldogan/.m2/repository/com/github/java-json-tools/jackson-coreutils/2.0/jackson-coreutils-2.0.jar:/Users/cendeldogan/.m2/repository/com/github/java-json-tools/msg-simple/1.2/msg-simple-1.2.jar:/Users/cendeldogan/.m2/repository/com/github/java-json-tools/btf/1.3/btf-1.3.jar:/Users/cendeldogan/.m2/repository/com/github/java-json-tools/json-schema-core/1.2.14/json-schema-core-1.2.14.jar:/Users/cendeldogan/.m2/repository/com/github/java-json-tools/uri-template/0.10/uri-template-0.10.jar:/Users/cendeldogan/.m2/repository/org/mozilla/rhino/1.7.7.2/rhino-1.7.7.2.jar:/Users/cendeldogan/.m2/repository/com/sun/mail/mailapi/1.6.2/mailapi-1.6.2.jar:/Users/cendeldogan/.m2/repository/joda-time/joda-time/2.10.5/joda-time-2.10.5.jar:/Users/cendeldogan/.m2/repository/com/google/code/findbugs/jsr305/3.0.2/jsr305-3.0.2.jar:/Users/cendeldogan/.m2/repository/net/sf/jopt-simple/jopt-simple/5.0.4/jopt-simple-5.0.4.jar:/Users/cendeldogan/.m2/repository/org/junit/jupiter/junit-jupiter/5.9.2/junit-jupiter-5.9.2.jar:/Users/cendeldogan/.m2/repository/org/junit/jupiter/junit-jupiter-api/5.9.2/junit-jupiter-api-5.9.2.jar:/Users/cendeldogan/.m2/repository/org/opentest4j/opentest4j/1.2.0/opentest4j-1.2.0.jar:/Users/cendeldogan/.m2/repository/org/junit/platform/junit-platform-commons/1.9.2/junit-platform-commons-1.9.2.jar:/Users/cendeldogan/.m2/repository/org/apiguardian/apiguardian-api/1.1.2/apiguardian-api-1.1.2.jar:/Users/cendeldogan/.m2/repository/org/junit/jupiter/junit-jupiter-params/5.9.2/junit-jupiter-params-5.9.2.jar:/Users/cendeldogan/.m2/repository/org/junit/jupiter/junit-jupiter-engine/5.9.2/junit-jupiter-engine-5.9.2.jar:/Users/cendeldogan/.m2/repository/org/junit/platform/junit-platform-engine/1.9.2/junit-platform-engine-1.9.2.jar:/Users/cendeldogan/.m2/repository/io/qameta/allure/allure-junit5/2.20.1/allure-junit5-2.20.1.jar:/Users/cendeldogan/.m2/repository/io/qameta/allure/allure-junit-platform/2.20.1/allure-junit-platform-2.20.1.jar:/Users/cendeldogan/.m2/repository/io/qameta/allure/allure-java-commons/2.20.1/allure-java-commons-2.20.1.jar:/Users/cendeldogan/.m2/repository/org/slf4j/slf4j-api/1.7.36/slf4j-api-1.7.36.jar:/Users/cendeldogan/.m2/repository/io/qameta/allure/allure-model/2.20.1/allure-model-2.20.1.jar:/Users/cendeldogan/.m2/repository/io/qameta/allure/allure-test-filter/2.20.1/allure-test-filter-2.20.1.jar:/Users/cendeldogan/.m2/repository/org/junit/platform/junit-platform-launcher/1.8.2/junit-platform-launcher-1.8.2.jar:/Users/cendeldogan/.m2/repository/io/qameta/allure/allure-rest-assured/2.20.1/allure-rest-assured-2.20.1.jar:/Users/cendeldogan/.m2/repository/io/qameta/allure/allure-attachments/2.20.1/allure-attachments-2.20.1.jar:/Users/cendeldogan/.m2/repository/org/freemarker/freemarker/2.3.31/freemarker-2.3.31.jar:/Users/cendeldogan/.m2/repository/com/fasterxml/jackson/core/jackson-databind/2.15.2/jackson-databind-2.15.2.jar:/Users/cendeldogan/.m2/repository/com/fasterxml/jackson/core/jackson-annotations/2.15.2/jackson-annotations-2.15.2.jar:/Users/cendeldogan/.m2/repository/com/fasterxml/jackson/core/jackson-core/2.15.2/jackson-core-2.15.2.jar:/Users/cendeldogan/.m2/repository/org/assertj/assertj-core/3.24.2/assertj-core-3.24.2.jar:/Users/cendeldogan/.m2/repository/net/bytebuddy/byte-buddy/1.12.21/byte-buddy-1.12.21.jar:/Users/cendeldogan/.m2/repository/org/projectlombok/lombok/1.18.28/lombok-1.18.28.jar:/Users/cendeldogan/.m2/repository/net/datafaker/datafaker/2.4.4/datafaker-2.4.4.jar:/Users/cendeldogan/.m2/repository/org/yaml/snakeyaml/2.4/snakeyaml-2.4.jar:/Users/cendeldogan/.m2/repository/com/github/curious-odd-man/rgxgen/3.0/rgxgen-3.0.jar:/Users/cendeldogan/.m2/repository/com/googlecode/libphonenumber/libphonenumber/9.0.9/libphonenumber-9.0.9.jar:"/>
    <property name="java.vm.vendor" value="Oracle Corporation"/>
    <property name="sun.arch.data.model" value="64"/>
    <property name="java.vendor.url" value="https://java.oracle.com/"/>
    <property name="user.timezone" value="Europe/Istanbul"/>
    <property name="os.name" value="Mac OS X"/>
    <property name="java.vm.specification.version" value="17"/>
    <property name="sun.java.launcher" value="SUN_STANDARD"/>
    <property name="user.country" value="TR"/>
    <property name="sun.boot.library.path" value="/Library/Java/JavaVirtualMachines/jdk-17.jdk/Contents/Home/lib"/>
    <property name="sun.java.command" value="/Users/cendeldogan/Desktop/bookstore-api-automation/target/surefire/surefirebooter-20250811062457843_3.jar /Users/cendeldogan/Desktop/bookstore-api-automation/target/surefire 2025-08-11T06-24-57_650-jvmRun1 surefire-20250811062457843_1tmp surefire_0-20250811062457843_2tmp"/>
    <property name="jdk.debug" value="release"/>
    <property name="surefire.test.class.path" value="/Users/cendeldogan/Desktop/bookstore-api-automation/target/test-classes:/Users/cendeldogan/Desktop/bookstore-api-automation/target/classes:/Users/cendeldogan/.m2/repository/io/rest-assured/rest-assured/5.3.0/rest-assured-5.3.0.jar:/Users/cendeldogan/.m2/repository/org/apache/groovy/groovy/4.0.6/groovy-4.0.6.jar:/Users/cendeldogan/.m2/repository/org/apache/groovy/groovy-xml/4.0.6/groovy-xml-4.0.6.jar:/Users/cendeldogan/.m2/repository/org/apache/httpcomponents/httpclient/4.5.13/httpclient-4.5.13.jar:/Users/cendeldogan/.m2/repository/org/apache/httpcomponents/httpcore/4.4.13/httpcore-4.4.13.jar:/Users/cendeldogan/.m2/repository/commons-logging/commons-logging/1.2/commons-logging-1.2.jar:/Users/cendeldogan/.m2/repository/commons-codec/commons-codec/1.11/commons-codec-1.11.jar:/Users/cendeldogan/.m2/repository/org/apache/httpcomponents/httpmime/4.5.13/httpmime-4.5.13.jar:/Users/cendeldogan/.m2/repository/org/hamcrest/hamcrest/2.1/hamcrest-2.1.jar:/Users/cendeldogan/.m2/repository/org/ccil/cowan/tagsoup/tagsoup/1.2.1/tagsoup-1.2.1.jar:/Users/cendeldogan/.m2/repository/io/rest-assured/json-path/5.3.0/json-path-5.3.0.jar:/Users/cendeldogan/.m2/repository/org/apache/groovy/groovy-json/4.0.6/groovy-json-4.0.6.jar:/Users/cendeldogan/.m2/repository/io/rest-assured/rest-assured-common/5.3.0/rest-assured-common-5.3.0.jar:/Users/cendeldogan/.m2/repository/io/rest-assured/xml-path/5.3.0/xml-path-5.3.0.jar:/Users/cendeldogan/.m2/repository/org/apache/commons/commons-lang3/3.11/commons-lang3-3.11.jar:/Users/cendeldogan/.m2/repository/io/rest-assured/json-schema-validator/5.3.0/json-schema-validator-5.3.0.jar:/Users/cendeldogan/.m2/repository/com/github/java-json-tools/json-schema-validator/2.2.14/json-schema-validator-2.2.14.jar:/Users/cendeldogan/.m2/repository/com/google/guava/guava/28.2-android/guava-28.2-android.jar:/Users/cendeldogan/.m2/repository/com/google/guava/failureaccess/1.0.1/failureaccess-1.0.1.jar:/Users/cendeldogan/.m2/repository/com/google/guava/listenablefuture/9999.0-empty-to-avoid-conflict-with-guava/listenablefuture-9999.0-empty-to-avoid-conflict-with-guava.jar:/Users/cendeldogan/.m2/repository/org/checkerframework/checker-compat-qual/2.5.5/checker-compat-qual-2.5.5.jar:/Users/cendeldogan/.m2/repository/com/google/errorprone/error_prone_annotations/2.3.4/error_prone_annotations-2.3.4.jar:/Users/cendeldogan/.m2/repository/com/google/j2objc/j2objc-annotations/1.3/j2objc-annotations-1.3.jar:/Users/cendeldogan/.m2/repository/com/github/java-json-tools/jackson-coreutils-equivalence/1.0/jackson-coreutils-equivalence-1.0.jar:/Users/cendeldogan/.m2/repository/com/github/java-json-tools/jackson-coreutils/2.0/jackson-coreutils-2.0.jar:/Users/cendeldogan/.m2/repository/com/github/java-json-tools/msg-simple/1.2/msg-simple-1.2.jar:/Users/cendeldogan/.m2/repository/com/github/java-json-tools/btf/1.3/btf-1.3.jar:/Users/cendeldogan/.m2/repository/com/github/java-json-tools/json-schema-core/1.2.14/json-schema-core-1.2.14.jar:/Users/cendeldogan/.m2/repository/com/github/java-json-tools/uri-template/0.10/uri-template-0.10.jar:/Users/cendeldogan/.m2/repository/org/mozilla/rhino/1.7.7.2/rhino-1.7.7.2.jar:/Users/cendeldogan/.m2/repository/com/sun/mail/mailapi/1.6.2/mailapi-1.6.2.jar:/Users/cendeldogan/.m2/repository/joda-time/joda-time/2.10.5/joda-time-2.10.5.jar:/Users/cendeldogan/.m2/repository/com/google/code/findbugs/jsr305/3.0.2/jsr305-3.0.2.jar:/Users/cendeldogan/.m2/repository/net/sf/jopt-simple/jopt-simple/5.0.4/jopt-simple-5.0.4.jar:/Users/cendeldogan/.m2/repository/org/junit/jupiter/junit-jupiter/5.9.2/junit-jupiter-5.9.2.jar:/Users/cendeldogan/.m2/repository/org/junit/jupiter/junit-jupiter-api/5.9.2/junit-jupiter-api-5.9.2.jar:/Users/cendeldogan/.m2/repository/org/opentest4j/opentest4j/1.2.0/opentest4j-1.2.0.jar:/Users/cendeldogan/.m2/repository/org/junit/platform/junit-platform-commons/1.9.2/junit-platform-commons-1.9.2.jar:/Users/cendeldogan/.m2/repository/org/apiguardian/apiguardian-api/1.1.2/apiguardian-api-1.1.2.jar:/Users/cendeldogan/.m2/repository/org/junit/jupiter/junit-jupiter-params/5.9.2/junit-jupiter-params-5.9.2.jar:/Users/cendeldogan/.m2/repository/org/junit/jupiter/junit-jupiter-engine/5.9.2/junit-jupiter-engine-5.9.2.jar:/Users/cendeldogan/.m2/repository/org/junit/platform/junit-platform-engine/1.9.2/junit-platform-engine-1.9.2.jar:/Users/cendeldogan/.m2/repository/io/qameta/allure/allure-junit5/2.20.1/allure-junit5-2.20.1.jar:/Users/cendeldogan/.m2/repository/io/qameta/allure/allure-junit-platform/2.20.1/allure-junit-platform-2.20.1.jar:/Users/cendeldogan/.m2/repository/io/qameta/allure/allure-java-commons/2.20.1/allure-java-commons-2.20.1.jar:/Users/cendeldogan/.m2/repository/org/slf4j/slf4j-api/1.7.36/slf4j-api-1.7.36.jar:/Users/cendeldogan/.m2/repository/io/qameta/allure/allure-model/2.20.1/allure-model-2.20.1.jar:/Users/cendeldogan/.m2/repository/io/qameta/allure/allure-test-filter/2.20.1/allure-test-filter-2.20.1.jar:/Users/cendeldogan/.m2/repository/org/junit/platform/junit-platform-launcher/1.8.2/junit-platform-launcher-1.8.2.jar:/Users/cendeldogan/.m2/repository/io/qameta/allure/allure-rest-assured/2.20.1/allure-rest-assured-2.20.1.jar:/Users/cendeldogan/.m2/repository/io/qameta/allure/allure-attachments/2.20.1/allure-attachments-2.20.1.jar:/Users/cendeldogan/.m2/repository/org/freemarker/freemarker/2.3.31/freemarker-2.3.31.jar:/Users/cendeldogan/.m2/repository/com/fasterxml/jackson/core/jackson-databind/2.15.2/jackson-databind-2.15.2.jar:/Users/cendeldogan/.m2/repository/com/fasterxml/jackson/core/jackson-annotations/2.15.2/jackson-annotations-2.15.2.jar:/Users/cendeldogan/.m2/repository/com/fasterxml/jackson/core/jackson-core/2.15.2/jackson-core-2.15.2.jar:/Users/cendeldogan/.m2/repository/org/assertj/assertj-core/3.24.2/assertj-core-3.24.2.jar:/Users/cendeldogan/.m2/repository/net/bytebuddy/byte-buddy/1.12.21/byte-buddy-1.12.21.jar:/Users/cendeldogan/.m2/repository/org/projectlombok/lombok/1.18.28/lombok-1.18.28.jar:/Users/cendeldogan/.m2/repository/net/datafaker/datafaker/2.4.4/datafaker-2.4.4.jar:/Users/cendeldogan/.m2/repository/org/yaml/snakeyaml/2.4/snakeyaml-2.4.jar:/Users/cendeldogan/.m2/repository/com/github/curious-odd-man/rgxgen/3.0/rgxgen-3.0.jar:/Users/cendeldogan/.m2/repository/com/googlecode/libphonenumber/libphonenumber/9.0.9/libphonenumber-9.0.9.jar:"/>
    <property name="sun.cpu.endian" value="little"/>
    <property name="user.home" value="/Users/cendeldogan"/>
    <property name="user.language" value="en"/>
    <property name="java.specification.vendor" value="Oracle Corporation"/>
    <property name="java.version.date" value="2024-07-16"/>
    <property name="java.home" value="/Library/Java/JavaVirtualMachines/jdk-17.jdk/Contents/Home"/>
    <property name="file.separator" value="/"/>
    <property name="basedir" value="/Users/cendeldogan/Desktop/bookstore-api-automation"/>
    <property name="java.vm.compressedOopsMode" value="Zero based"/>
    <property name="line.separator" value="&#10;"/>
    <property name="java.vm.specification.vendor" value="Oracle Corporation"/>
    <property name="java.specification.name" value="Java Platform API Specification"/>
    <property name="surefire.real.class.path" value="/Users/cendeldogan/Desktop/bookstore-api-automation/target/surefire/surefirebooter-20250811062457843_3.jar"/>
    <property name="sun.management.compiler" value="HotSpot 64-Bit Tiered Compilers"/>
    <property name="java.runtime.version" value="17.0.12+8-LTS-286"/>
    <property name="user.name" value="cendeldogan"/>
    <property name="path.separator" value=":"/>
    <property name="os.version" value="15.6"/>
    <property name="java.runtime.name" value="Java(TM) SE Runtime Environment"/>
    <property name="file.encoding" value="UTF-8"/>
    <property name="java.vm.name" value="Java HotSpot(TM) 64-Bit Server VM"/>
    <property name="localRepository" value="/Users/cendeldogan/.m2/repository"/>
    <property name="java.vendor.url.bug" value="https://bugreport.java.com/bugreport/"/>
    <property name="java.io.tmpdir" value="/var/folders/b2/2xjzpq2d7t59zqhrl5x5r_7h0000gn/T/"/>
    <property name="java.version" value="17.0.12"/>
    <property name="user.dir" value="/Users/cendeldogan/Desktop/bookstore-api-automation"/>
    <property name="os.arch" value="x86_64"/>
    <property name="java.vm.specification.name" value="Java Virtual Machine Specification"/>
    <property name="native.encoding" value="UTF-8"/>
    <property name="java.library.path" value="/Users/cendeldogan/Library/Java/Extensions:/Library/Java/Extensions:/Network/Library/Java/Extensions:/System/Library/Java/Extensions:/usr/lib/java:."/>
    <property name="java.vm.info" value="mixed mode, sharing"/>
    <property name="java.vendor" value="Oracle Corporation"/>
    <property name="java.vm.version" value="17.0.12+8-LTS-286"/>
    <property name="sun.io.unicode.encoding" value="UnicodeBig"/>
    <property name="java.class.version" value="61.0"/>
  </properties>
  <testcase name="createBookWithSpecialCharacters" classname="com.bookstore.book.BookEdgeCaseTest" time="0.194">
    <system-out><![CDATA[HTTP/1.1 200 OK
Content-Type: application/json; charset=utf-8; v=1.0
Date: Mon, 11 Aug 2025 03:25:13 GMT
Server: Kestrel
Transfer-Encoding: chunked
api-supported-versions: 1.0

{
    "id": 344560,
    "title": "Test Book !@#$%^&*()_+-=[]{};':\",./<>?",
    "description": "Inventore suscipit neque voluptatibus corporis. Ex labore eius magnam error dignissimos. Tempore voluptatem tenetur harum quasi magnam commodi.",
    "pageCount": 67,
    "excerpt": "Delectus perspiciatis dignissimos. Neque quasi quibusdam nisi. Nesciunt nobis occaecati expedita perspiciatis nulla.",
    "publishDate": "2025-08-11T03:25:13.487293Z"
}
]]></system-out>
  </testcase>
  <testcase name="createBookWithInvalidData" classname="com.bookstore.book.BookEdgeCaseTest" time="0.184">
    <system-out><![CDATA[HTTP/1.1 400 Bad Request
Content-Type: application/problem+json; charset=utf-8
Date: Mon, 11 Aug 2025 03:25:13 GMT
Server: Kestrel
Transfer-Encoding: chunked

{
    "type": "https://tools.ietf.org/html/rfc7231#section-6.5.1",
    "title": "One or more validation errors occurred.",
    "status": 400,
    "traceId": "00-2f7974d60fed3b40ae0509ade0596a65-eab9c8cd99b2e342-00",
    "errors": {
        "$.id": [
            "The JSON value could not be converted to System.Int32. Path: $.id | LineNumber: 0 | BytePositionInLine: 10."
        ]
    }
}
]]></system-out>
  </testcase>
  <testcase name="deleteWithNegativeId_returns200" classname="com.bookstore.book.BookEdgeCaseTest" time="0.188">
    <system-out><![CDATA[HTTP/1.1 200 OK
Content-Length: 0
Date: Mon, 11 Aug 2025 03:25:13 GMT
Server: Kestrel
api-supported-versions: 1.0
]]></system-out>
  </testcase>
  <testcase name="createBookWithExtremelyLongSingleWordTitle" classname="com.bookstore.book.BookEdgeCaseTest" time="0.223">
    <system-out><![CDATA[HTTP/1.1 200 OK
Content-Type: application/json; charset=utf-8; v=1.0
Date: Mon, 11 Aug 2025 03:25:13 GMT
Server: Kestrel
Transfer-Encoding: chunked
api-supported-versions: 1.0

{
    "id": 427968,
    "title": "00x37sho5qyivs3y2d46l9w2p4l6462u2yb78mtgw0ap34e73y598v11m3hi672n16aicp24k54t48p0u77t27882466x4299691g8imrkjwt1h73548brq1m1mku1v07eu92n22cjfe0n64lntnu40j7576563516c0wjda0214b30y59g5473o27v0899k06gwgsj8ek28tg2l3nbp9z263ce7ormu3284u0fr3pv31ju812ikasq0drs53q278xkp7z3x3683iy8yz43w65blz0myo5f6mdk8a6mf4c008r6q334yrwf70321vfw4t4v93fk66594l85kno4rr3755zh05x8k4yffwe7bh359hj8wqa0fpe4g446tr8hn8i5352kg503sx663m2n8m646y3ob7gtxoi3740p3wx60xv512fo34xvty20xn69rhu008q37q4g1oft6c8yuawms69qn6j5f13n6469gv56l4cvif1xd90ta760gk828fpu43cc6d0uj7ffne945lo19a8kzx1843oqsvbpq715j1116tl7ht3s72d661j4nt3gf9yixs17r0nw23tkusgem1zv9nx8j4342h1ga5p51vk0fb3v35560fa8o8z46e0060nfe732fss96u95923l0izy294t2v407zp8oy379e352k39f923195uwwpmi230x7e319wt914kcrj3eep90puxhg311wl8o04i40s8kqy5nmem47g7t3rz90yr104ti9vn9fo1f09q83xrl488jy57924ow7qh06mp54m680nlo6m3i900st91uvy9t155391i16og1d6a38995dbb11i8cr9l32navm5vc55hb9638gxn3751ooel01nl5zc95923n99b9x620d0il0g136z087572klzet42z9wpyh690um0n8dxol19299safaxo6ms78rmc4em7oik9q3b785563v4cr2wgv0cah3927265j6n6595433bbhv91n25ml3rn66p2619b4k1o21h922yg545x33cwh1s2590lb1tgt65w7fl3q042ut0d7qz33kv57dos256x6ny4e3rmf5lt8bpw95f1uk3nz8m88020dbr36e6axch1k13o0b35l51c40y3a932lr7l16s70msg3u88r2sh0bb4krh7685315xz38800q2e2e2qtan13qge9sf2s5i0im5ex7h8f1ej9d089gl0od4d027ga73ysv5k67157na59kv3fw7912k92c931415gsj14539qq9cr2i67lu91khvgdhxp0497l6nqr5537ofbi03k23md3733260r2806ft84npa2d6jh7au37tzudi6x35xzgzl4jsq6go5ei45y02koxn9wqsr2xib687osa9k4y70b89438ze8307ytjx601nk94d0cxv55hpgq4k6s5fy321qz809880j11d5m0b74c0g80uo0an095w4iw5jy9l6z07314sn548dqb714l8973vvgc250c5d7frw8h143ow327rso06iw8j2jqt6m0g2297ub49gr074gi0kd012axxsdks9pewbon8m5g0e13vov4n6rg119x4zd617b0msqua4515mj718k12z0uh10pb3qx707tu131cmpuxbnv5fe4541t2174o3b6948q17y9xl615x1406d1l5pe0tv049x4mz2oe0dm907ai86wf5ec3dvc4h303910p5725xjm8qo40n4sbm3fd51ajj41q59xq371irqnm10qq7ui8u18876dq9aoeibb3rub441e8v5242vwgnokg8o9kv65k0z1eeb4jd6m7a5g34k2n7ilh6z01676ua4072ub452vfk21jm7cj07oti1p20o5l5oj5le8q3927gvxjif8p27i76r58uq1g8v9ag49l8p94f0078831mdpgdts3m0kuvq04aj9t5m638ht3kd5s182da12536c2sa1k1j26xrf0567eqosuwyq85ip06ib9h227e621xi9i56d45d4m027vix25fe4nd1abjuo2fwbiez867vo7v4l9fzyvu5yy6b8h5j58l2zn19z32vrdtbo05hbs96a31ap2r9f497w8ko3pg4r85xt77e7faqq5s2md3x611dj4t89424ap8dh51p3b629u7ve06t3m58xrs3h9f08e6clafq73r9dea410941ys50z4379csggm75vkxh3z611vig70522fe88k8jqna2at4ka9346939725vri07txhq8a3ldxv636jxm1jmml7zlqrg58iq93e3ew1deci0f5x724i7o50386x39fkp4p0k3c2f1214hy24p57827u83f05t0r9elp3j9719koh9854b4ef9df36d988jdx6ch93z236245x1x7t4dd0bssp0pnluvn40k2ydkgc1g1sxglm4242cuptqhoq5556i42fvf51598yl05b3n76l3gs70792q46nfhq98zm553965v61tx563j4zh0j9g574u0peshm2ek2513k8f0k9420b0rjmmw3e35d3w38k135035z6yp342al2g82zil3dv6f7q2911dmib71es64wf5v1lsaji3811g0d6t443s7bj82lm9f446h2c8a91m5b1x1iw89jksl2j8th4m8fcd6ra2lgas437zs8186ra0g1rjg7fw0h6nra7qx3e5853704pzvfh3gfq559u4326td02ym1983xe5e69hp6k7068rrui744pq9h0041z92171l4i1aglhz56irv3xkooo389o4054eg3c4wam89pz4ih6s1z91z434hr96q99ghu0k4km703ndx6q7irvl3g75calow7y5n17n786t2x5mwtqlmd3dg6t52zv7pz6gfg2qwy4uleq1tt478412303d2y1723ju233j096h0n7hxb3v721i3q344w4m4xmuu4bgv0pg040wo17b39kg2v5ug7ft4i2us8329ep99h9khnv02i4ne7y9ap4eun7g92qh18k4ic4730bxrx1504644feo9t609kfw8b664ev3f86135dqad13dn94fqj4f0ibpw1a723s6rxvqs96p569508274qvq46l7loq6411wpq54dx10tj0m0ey5475lyp7b5ug69ntp12ll95c981iu9n323rdd0zwg3knr56x734101a6v29fn89wt36f7s92xhhv6v688g3a2704b225ro9863025ad58x052zlp2jalx58l3jise33gbni81xq5yr7bn7306xrw82a2161iv1mr2k10532oy0k9d2995xy2xggn0s5s21p8718ohzuy74u3ms5ej1goanmg7xm3why76q7279g3w1h51y10o2613qyj5rv5bb0tf3m85ql2v1dvo7bf37b20tbw94y3gkyw8s731c4etun00530v311ltvb9jii30g1mldu03wv0mvca5x10ceertftvhg58il36pf1j923t287xjk3ofi44050v53bw31u8u7ee591f746l0c0rueh0o3j6y459bfe165xh63w8x78h3353vg017c9913ew754g203d8x1zb3739416zg41rc7g79a6445fy50643bgt3oj0269v21zy4zdbxt8538joemlueeb03x94v868v2l5vo11t8g58r4c37qtnu9920krx68028ve7oitri4pw908yuc0kny80agra4ox92p1qz4g985j9i027826b86uf0sw1zezx4pp92bx98rw9d8hqffl5b6h08x1n217vlpm7h5x4npct9h6z0hedw19u92yj8w7jsdrxbtm100st732tzhum8d32kn231583vwbv06qzwra83aneblusv93dwz9phy1zape29xw46fb8iln5e09i1v4157le7do5j3168jx7xns56uyojd58x6q674092qyd66n0112527wj13lt2vlkd078503tau1y6713a3xa9dn7e03xac0a6v89819hm8lqd814gqe6ks9w9uj2655jc7850y27jg0pll839s604kghla399lzdi1v6v7hz1b3k0s9o7p40z2ubh89m8d809250mt3a12x185rr1cvve2mh73v83b2r98278pw769tuy5n34e5670z0hf68931mjcfa4l7mzki9xua14ho3s74v3un55bllyttc6furs154b12q6h60i84dfghof0mkg2kho31qicoqxo522w6hbj0oq542r1s512ak2k478g3v5ojx6cz79as4w2ba9bmm3irrw8k5774382s6m751i0px6ovh4gk6d38jnhp9o4q1kt3yc3z82y6bo065qxn5uo290r4nk8la1187310ig1e2137rv25tyz230cph061123i44q6p121v8vkryjjg4xj9aacl14gx04ymp8cie0pul61rhu75k4ik18g23n3j77kg04ls3f54q78288308fxmzc676imkl2a5kbl352q2e46mf674ff6t06o332ng3ni2k82co3curjk276i0tb103v3xli7ab9o4vgk2g81xmimt1158gg06wjf9n5w3atq531557txem5zi6n9t113hhxx7ln1shli3xu3wa5mokcpx945ir7xwp4ty9c12240a04m8pu5l5b2395l8fo2qd18xi9141occ9y1zs8g31hlfc25whr0s8a5w673st324x0ep13s83lyw1v6wj48183vut2meb9c5x5161h3p67f754598q62d3hp356ezbphaf354jcp8epvi7w901mk026b0ts7ay404cy6rs5p4289427215zqc48rpb2j617ajwe7r26pig38lfvp3988v7632934x4375k6717im2x69dj636of67f7du23hr19j27cogef1v2ej5q1v3nbss4gr77dx40k0n9v706w405c8sue8jz6ln6e393214ii5g350ku7cop238q001ub45c15507vlq2ba40q01adx1eso504ig9k0gek3x8xom4kh45gg5if674q4d93x81z6w494t954d353h9u72mr7hda7q50exl113k3mm61xt561g14sf8s96x3kc9meq4x4wr51s11sli4cl2pi929f3e3v7w5ny6p930vkbkjwu40cx5au1515w7jlp17ftj8sdv2u83m9ew8029b0w4z26h3n96h19072b7kn5ni8ujf51o05y9w440572r2jwrh1w318a5j9r3i4rr101498pz689dv4p45x4aoz86jlo2f951p0m9jo83jj7092c3vv11a4r43i9f1wjo1ee5u41637z5to1eiapjre61p74dmwjq020p96g2oihvfv3a6n5340ugbls2qom7042ym183r3wm073itz0240m304hv9lzh334fl0870w98uyxs7bv5w9yn094hnrk12y5tc3s60s1a4b08578br44e306b6714pn29483b2f52741e073j3bfl2hthpggkujt9z15xfy1ur64o0lv9v1p7n0i4lf3lqn9miweev8iki7onof0118r12682584rcok5i50w0m4hh4wc0dd7pj44ii5x57a18m0bgavnx0ky4qp7z0w3a8hqb8e3v3g7836c38bwv5f637132futrtl48l6v0gg06dz1djb71vx42hr6m9vt7ncr5xstech252el9v2t888ed1dnbhf3fd94593ib85sjjm736f48fsl29f3om4m1757hpy4qb17fvoo4zt849hs9gnlyesl45dck40k4q55g2b6w5o0stzwsn3fb8674dj7gsa60m8j2f0zdlbw45qh1id7yg336tkz5h62491uaym17ak66bzv99rbe175sel9n0w8cuc9441l51p35605h7ouyu8406immd2k0aen61fvs813y21p79j4v9n6a74dk9jc1jk3rzhv1rzaqd73woo7t49nqy47z93hy55x3v06499nl6ig3b58xixdb9w06n09517u5b6t992vzu07fv446z209m26e1t5o7r6272l0484x99c5029y511ap0a21b16570ov5yjz0e75602uhf9q0h4iokh34b3s865edb5kciwlgjw203l9051i5tz962hdif1000z48b26522yc847ir898sp2u2bo82949bj80ovl927pcah28t9i97dxvf5vgkdzcls5vfb293o89z05seqs6m035i8m47629v1pm292790s1c1gud745ay28688eg0t7gb2d2s0x46669m6n9h656nm137s2o0q4qhd3avl922kjk26j2z0acbl7n25025275g8a9pc39bph1f6euc0866ema1dlhkuk06mb335s4m6azlb81lid37vd989plj50w4p8ernhzaf593cb6762i31vnxl59i330354w298d3t3gly9kk8uadpw4pz7g4pf4yz20236fw7n17272v66xoyg29p2vaj58z9p7w43ls6xh6oq3h79s9qedra1904f45507rm9h0313g937tv5lzeq731xg67212phjo768k9mto45f5n5fu71y34ncs00wnbc94pojifyt34t4m470049y90m334w26ri058s78u5hyj0654767o81l3tx0bh3blg8k4bqldhls3242w5a0w9x22g9j4a04w350y7e31ec4ie50bi5fre3o50d7n4b3736s6h9pi42x3wdyw9mbvu2p69xng6dvk6my0wm0929a9l4bri84u8i03k202xwo3u0ckvnib040594c636hx2x19tb769437tr571uj58006i575nvuzxu3929cgqks8p9l1yg30m3k54e7svld4py666xc14m8313byq7dd6ribe577lshi273giza93qwtba6n903q4x3gvwm80il44s2v271jbvb334bvbq728z2bje4t826bt23ccbz34y3c3g4501k34idg4enz154w47t0il8nf64a2zhqvin8j3kd1jcbp59qk8d3t5a31mok4vv0yy6m0wc2iehxl2h8b0982nio520b10jqtz9d2v345yp336i8d534srgoj4rcrnsc18534x2r0113gc1gdezz4p783c0vt6dkv497li4127on7rf2ig0g65jbj10p7c7062k581td8fi6rpq2q6x7f6m06ur68kbtnk89cusv3o632k92mn0v95lh9yiy1q85j9wii21rc3hw20m0149w906g8r44ecot5yf2a68v7fhh4756cad95rfu424hmne1e6pa1l6k0375j1j408l9v279934vak83p281u40hg7dl10da8b44p1t39qoa224kdnv4k0czeeo87sc7c44zrrp6prd90657032b36o3ypad2g9363c9g7pp3ccq9qveef8llxh058bfwn1hn25wu04lsl05741iq52500h13y0j53sph5h1ts6n1mxyagpiehm4pj820gag768f3688o1bgo7v43e630iul5d9zm23o9592124s6d9je9hd3dutyvf8wd5gc332jlvr9h301swr845e28o0t690s328pg2m2jx97a06bncqkuvc6yts93w43572bfe41tonkwg4r37jcy3692a0x6k1y569r0du788gb50n3au4g530i5sc3424x9f3gye6a642hxxk8u3z409t91yusvt2e09780729gwusjt1z355mv84d5mdp9z346n5me2c2d455we66315f8n0pii6eerhr05pkm61088pfhi4s534i087joxp320801r7ynghuxn38trh62a442931z1gyq9i27eugg9t3873m926g5w61wk03k016z5f46y7345zy33c056c04eekfwf9a8i50f4qpg0q3t16muqq3m1ov457e6hi82fqi7a30w25363g7wgj8ff7vt40258a90u279372708637c43dn31x95zx893r5gqqelcc1hss73q37o42n2ldminjzcttu129vf51044z3y0o1jp2740jm5535e0795e4j52qlbod615501au6ma876v4oxm5hi2c6nah016lt6kx35xc1qph654p0hp7216wcb472h3j197jpg95lhs32n41mody3882e25o888yjj3me013e5e02813hgr56g00hn139x76asg65xo54z93r7a3dh2u7e0m6cast50llg5ad6m3vo847gr4t9gyphom2uegr18ldm651426heuh5mglztsq5m2a59g519ot5313v4638g8y752b8ml8o4y02713h9d2s8v4149136im3dq61t59y07521gqinp6i9jm908ca88x1sj3l4lenj00j9vo3jx3l3gdfa178098asp939slgxok38fqnm37oa915fnfq9r4kd1o9n3h25km15fr2h3oss7fe6809e2097tpk5hrogt2138k7q10n27d185ei7rfr94vqzbw403gtfccgg2j6pxh63gl32f3s66w725w7w9d8a8bm3vm3pybmdelsisi3go3o209o1q4kv9qk0g30xd1e4ba11f6jf24cjtt0h43512zjp44uo96y827k8xv4n2tk5or6u390qz6037ie1onv54122xcdimu15f25te9sp3i3755dbr6aka524h79w0grsxuw2xf93kg40057g5g7588idyol0qe38ri9fbm66ircbt6641v0j94a5w73vm8nu58640120efl2dxa24b2bu5437lk29fn64zk03koo27112978826z96ifv1fpx7l7sgg1lx6xkcae3p683b236th63m779h38ze828106271pjk6f926v4770147uzid5ifahl9081y11bc03f097d655f3nbt7c6ajjp1927078p6o3a12vh01712ht5i2i4o3s345d2e4rz25m59h0ta0p66zo3897c6pin6lo2a803o94e40qvr2u1vyhk7yp78ogg792mgoc9yi8dx934h73067eiu068k64twipn96ci5cf8mn7zmtzetuwx0809ozix3k71a4xu9de664zyau9li8mj8feef0u22lvcaa5nx5r9ugkj3p4vp3a12esbckj3716k47y27e0kch7bs23vj4icsiezufd0l7j7zljexkj4y8j7730t9k4u3ks239sn3kn3wqisd0341wmqb502ps0339jm1bj31l3sg7c673viritdjl5hl9mp4b5pq74o705qnd453dqd780ka93ovek5a06tw9ej73923cd3g1g8b097z4awk49n5x2v3hwutt1238h18z43afs647xd38h3721aqndu80j5s9aib75zzb6jj6a09h2wyk8gv5d1t898wj8gdbd604suf2w9t03ai4f115a39647wr0n6e5glkbfs7250r4wtbl1bqm5ix808e73b63uo2090x8wc65zhit4v0g3o3c3b70814bm048g58ho6582d712r0s5so13t27t1060554129v7fqai9o5a2kb1w44wx382xo7nlm0sp32i6x3g150rdjr79171j90143w62r6ka55u01o7waywr03620810tspi462f0a377w3a6k18c38t7e4w6yma0pv41q45raydt91w20eyvezlbu13tl146aytz595c9imsyx1i4vefwb528a351fa571i2q34ivr53u62r4q655yq4p2nux6wdc3l606fw822j3s895ws27g9dj2nthi84j7n4i17pwx5qp844p99d29i24qjust6hsh6y0lmka6i51n4avf0v3m7immm25b62g8lpe4s0l10tr592o40rvhsk16fsxg8p",
    "description": "Nostrum aliquam optio illo commodi. Est asperiores cupiditate accusantium officia.",
    "pageCount": 53,
    "excerpt": "Tempore fuga quisquam similique autem. Recusandae maiores sunt eligendi atque. Odio eius quas atque similique praesentium quidem architecto. At placeat porro iure totam.",
    "publishDate": "2025-08-11T03:25:14.055995Z"
}
]]></system-out>
  </testcase>
  <testcase name="updateBookWithNegativePageCount_returns200" classname="com.bookstore.book.BookEdgeCaseTest" time="0.571">
    <system-out><![CDATA[HTTP/1.1 200 OK
Content-Type: application/json; charset=utf-8; v=1.0
Date: Mon, 11 Aug 2025 03:25:13 GMT
Server: Kestrel
Transfer-Encoding: chunked
api-supported-versions: 1.0

{
    "id": 521036,
    "title": "The Cricket on the Hearth",
    "description": "Reprehenderit provident cupiditate nisi quis. Nemo culpa iure. Voluptatem labore deserunt aliquam voluptas nisi nesciunt dicta.",
    "pageCount": 258,
    "excerpt": "Consequatur quasi dolorem atque totam ea vitae. Illo minima iure accusantium repudiandae. Ipsum dolore corrupti facilis.",
    "publishDate": "2025-08-11T03:25:14.279589Z"
}
HTTP/1.1 200 OK
Content-Type: application/json; charset=utf-8; v=1.0
Date: Mon, 11 Aug 2025 03:25:14 GMT
Server: Kestrel
Transfer-Encoding: chunked
api-supported-versions: 1.0

{
    "id": 159146,
    "title": "The Line of Beauty",
    "description": "Quo id est quibusdam fugiat. Sunt sint rem laborum at est.",
    "pageCount": -100,
    "excerpt": "Qui iure natus deleniti aliquam numquam. Laboriosam eos dicta. Velit sint iusto nihil. Qui iure adipisci reprehenderit repudiandae.",
    "publishDate": "2025-08-11T03:25:14.484731Z"
}
HTTP/1.1 200 OK
Content-Length: 0
Date: Mon, 11 Aug 2025 03:25:14 GMT
Server: Kestrel
api-supported-versions: 1.0
]]></system-out>
  </testcase>
  <testcase name="createBookWithMaxLengthFields" classname="com.bookstore.book.BookEdgeCaseTest" time="0.438">
    <system-out><![CDATA[HTTP/1.1 200 OK
Content-Type: application/json; charset=utf-8; v=1.0
Date: Mon, 11 Aug 2025 03:25:14 GMT
Server: Kestrel
Transfer-Encoding: chunked
api-supported-versions: 1.0

{
    "id": 877043,
    "title": "c94h1e2e5wt334fo41pogv052smpjj4z371264r228m33309eve61ol6xn3r29f32bma3304he014oz94w6qxt6xflba7n74q0s6i9716th309c07262nu0t79h3d5k9ghg39z1nph2nxdj27vrh6ke1j1d9b4x5lw07wv4zc4g54nq13p2u83lt2882d5ko56r0k9643307la64u5703rbmifcz4162b8xh5uxi351m5gcw8nwg8y2x86evewh8g1q5ixfh1avahs406k37qi5si0s1r2kq7fef6z7eu06d2w75j0ymd50mte8rjyj27c9g22x3k2q1b509f069dem639w4h811420t2106gkv2z5377r14mpjd0391pq7zp478moz3qn7ha8ywy656htdjqb68b07964z153pd38x6212il1nxm763d2t54aca5r351vg75398599u05ap2gj6910bo9z09s975isjx156se478g83l8xw5b86987zuu3u521285zx0f2pcsl4tz9s770yu08fpw4ht3c3bd4x58fsb7k2aeab3o9bxyc2065nj3blh341h690i35usw260tvn480f31d1d1i04dyc89vr0j291ajq8oo3x8ee0n74o194h17sh3u30v7d52ox9o737y7pgqmb8l3lb37mi0ohhxhd7421oisqcu291801c7042wjwg765anhy41y7o199ppgzm4p4y2ux7rbpoe61goxxykdf278d6xt3apxushz6057e4u30m81fw7y966nbw799temn0dvu5c6yd0e9blj37e0atd9038kifb9n1j4mytxq57mr1dj040l8sn28x686511687f71gexx0me42d5np345l0qh0y136z608fs6u49b5450ldg04fh095gh3o659cgcoj47g78hhdv4801rqz23280v886mwpsxvp259vv5v2b88m2qgk758i7l357b41ds61o",
    "description": "zy45ia6o0p2j092m6zefcned327ejti45zn674gxb1fu4e6g2re28q701dpk0b1f9n0n2g27m70kq5641v76y37v7kp87y773b7evm51m8fo9kyddbk9334o5kt42yk4n10v1khci01clg209ps070w6md64p18uqv61x62vn2h076589s7jv7a9gw911st9d41yz05x210pj6tz4fhozlcmqzp30rx553sp0xs1z1bx24x8k2v74r3g1r0qmolu9a783jvm5e8sd3gf94k22wx6t5tl46340ej5qqyg42q8j93471t51174m0dg3pi98wzg7uh30fj08t9p6940d5s0s0p9p3z5jck843p92l127s6j921qwoshka9yr87es6a21a9f496i1i8u5ndvmnnd5pz6b5q3hk7p8z3z1huz4x76dt6r8n6o9eqd1p5por0hcll3h1f90624lnhhke05a6rfk4tj660q4u5q011u3u6c1093j43s0571755v90fqldj20x9m07ppr87lu7h98cg54vf70oe0ko8zeyzex5s3079u5cb7j693s7m80s96qk95ezobattbjw8nf1m7at73p657igg17fv0gl5c1w44re76365cywe774g053q889e3917z2sai6l0j750655b2d5u4qq084sab6697uth2p8jz0srs54el6ys0a9j7i4nb49482821lp1r9vy3cb3o2b62d1a7v3u3z752ayqw57a84ds931ng2ojprjw9v7233g687441f48s192q45fj2231f2g687049y9lmh0274i853nqqfq3nc0mobowi8w45l54603502m2e86sua9528w0c784a111589n32f89vg3edm472075mw0awo5099mk142q81zo1yr815nwz4f5v2rhn66edq1a902nee59wl6hc2jq30w961dyflhyp95y75wo9x4e7om9g8357qply90s41t7k73052wqu9ezz86c09ja9lx3962cnw4lc4d68w5lh4e37m71nk574j347a3qh34v668sug5d8j0qi56z14ms76z063a8uij861c7434w5dcf1mrp1m9drkh557iy75at173223223lxe092j3zez3xnxj479qqkmcacjls71szu3j5rc8l7ck37114s0uy074i3p7f5p988gw7x2r84foir83cx69l1p40sz724ugt6p520k4194i0p26l802qda9q636026j7ale99j2a296290823a6yesvda78lpa0t300h5zw697cmvp5ui792240720u852hyc3eik4143s72m55t2zni5194m90srcuw9369qc49x7udg7541fcbx83vpp0i4482304iuxuiy9j72u2a1ug82j4o557i9ih56jbg097nk4h12464oc3o5fxgv42d3p9g9303lwj2672311y2o88tldq716d240upf6y0bm2sra15kowd66b69637as7q897155e6n2gc8c68bvfr1tz4o9zv1um91mte2928h7ig326ejieu1kv7a95z5j7w2zl84xw9pz6u9v0khtty8u3d3k11m65k0y0wty8xir97zt4p65532i0a078mt0279i0nsz5x7pruz31k11f882iz88ms700r4v6u9ec7vs29y0c426y671bqhh0453265739r52z5uw706t18y1h6i33jq79q1s5w55vd1wkv08lo0u8h63s2trkal8gh1cl6v52gx97f1l1eotor74494701i7o442hxxf636g6qg812739zh7ey7n85jlm0536629egu5s7a7mf9ch8x015so7nl14zbo56qim6871won2m97qce057a81a631hw7f70t884y5zk455nc8j8p4i3685n8wq62y7on95tyf6bs6wk7g7u2kg1wr3d6v6rf153478clu40w7zxw510w3xot2yh4t9kb78g81grk2c45ufw78jthbvvd6b7r66d811me1991wtya2hjml2t0ul56z804nfn19c4a9divk2kjoa79awcj065jf9qa7skf0j520n8l2kw1v2u1w1w11kh3lx2j5f3q2zgt40oq67hw15484iw1vjjl24266re2ptej5goj42e1woktny3wfu89t92t818t34t4pjns7871b1w7ei4mm1yh6so269xwi5vnr7w9383b0bnw2bwfck7hp78wfoaw0xyi1bf9p2v5kop6jb0v2u9yb6w9trh6594k0895jbqtnhv93eimj6u8ws5b644i7e59n8v2zr2y760z483mtga9k33pvk3609153he386y5jg49s4d6y40t036b9dvcdhszbyfeu7opsz4h6p0r8hg2vsplhp34fc19od79y89e2g7h3v58s39c496sx4l2d73n4121e6l3t6013bk1662o9m8d058658tdu5q236wdci6gp9054vjnqlf06qw5673od10pe1a55y6t0m5g8q279cs38h2rh3q04uscb21ov5753bqyb8ll100i15fla80arj674jt7x415z2031g61vbw52xa32z8x8p7580mz86th447em9e9cz8dw7k1qbbf63qbngrfsj4pvk6cb3okyli1o1xfyerrs1521fv58iu185sapmjz1os351b9914sx0ae935e560s91lu56bi53a3l7asq39l55k4ohjo412ylongz1264j530rk6004k9z31ff603y04is9ql4ouphh8h5od1s8t8wezb0bzl1a9a9x5p34i4490wcz5524y71nv419m9m2k03n5t8p3et8516703ryk109k76vh623a772b649t2w4179hd5ojx9ia3v9rlydd1erzt37v2451k760g36d35358aa7814948ftndz9095gp987i752yb89e2p0035c0k934ovai809m3i55d4bjn47om83bg224dq3q2m3e2vhxjo5589ewwrf6zi827x65v48gwxxp14zc4498df5ls38a2389ot89wa9h894348jkr0s4uuvg399lh89rh6354z8110f81m87zhxm8378di5p6p41n4ko43hw745q2km5bcr40ac56hm5cio3l0o942fiewwr361z1l04urju9h8bcq0y4w485a580ysa6gtj169e6e28nm516rfhbkvvxrj95j04u50yo89x18818f6k92hu2a69spihtbi9245zkk1l26t1s8eq46kh3851xs140956sbobg006crkk4r11vs397b366jp72qhk3n5pbhzzydxkp37w27od77038wrq5i7749vi691s6ykb5p5015kuj82k87d6v12u99d05ss187zk65kj76o46zoxu97wfnqzt0ecjvb72vsot270947kugx3718t807ty0mc95k696gauo632a5ofy129f89u6a2la06l2y56z928tnqtc5fv7us1ajd3fx572z485r38e4l917vm3tmt9c3bw486560z0sgd9w297yvs1v532od3k60038b943df0j9irc60s57u2flkm5yg6fa5qyo11ja3asevxt05tvdudh914389e1xo05ia57q6m51q3dr7tb6h4l915l2e8t65j3mc6y2pnkme67p2djan33677070tf46n1407u21i96tjo8fy60k65c17z04r266v4pvq6gfn6k0en6q1x5c426638mzyy213sjpd0kg3849gb625057905987fgovbs14ckwoelqlhvx1u7r3b2zk219psti112w933te0lneq49qv17tl42s4qsp39s9s8x01518523med43wc8f2l61k0u92912jha85783e934us25vf0flfrzjk7ve8k8a5ww8i9j76o7914p969y03j786493vzv64x0716gvhs4h6u8zd2c3iwb72mwb0psc6src7i76edd1l706c7o8btc78rj6t07238w15i99xdw97t2417c32ek76r007x5zwe6k96car1iif3m5b52vxz3r6f78e6w47r25jbkg64261b3b867g8z177hq363wz9306bb8nu0oa2pb44nt4e3v2fo0yyi4k90fc3g247azaarp7u6hvca7s3mbn96naz3k979tb463995u4584l3h858m29g0f891q9jfkdszkcmlgki9x2xo432136m65u857a4bkt4y8d1516851nsuqjb6g7h4888rnrl2516p6y2tn0h6it1i85nra9g7ez5478jx4nnn34n4qg1wrf5825104bxl3nzk9dg74260wdr0o48j847isd591e6p9axj2c74j4f8139l6upj2nb6lj3172q24em9vmx7l4kkm8en2c1yqkgfi7gnblo001d269wgjhg5u7zc9ru9g2s34cq4ijs33494l0orc2u2m3w81pae43s4i805wabpv1cqhfjx5q1za51sq56xmki086n00ejjf1fxp74c4e0377n3140135mozm95pu9v61o011z196s4j8tjxxf3c3l1z7o7x4o1fjt42hqt24j221s57wt8es5i40thw360b58q9otk30z06y9h1480pe1627t0296c618z30rn549z47c91b6fb16m96kmh05o004m3997o0a9gvo32u8v9ekp18xl7fjo6t6812xot9beqage5f2nyfz4t7810t1yuwvnauwlr576op80qsh17t58632z8jo8v63b96x8rss16upz15l82tprl6t1265206854s1nsach75i5e2j593f5m551460nr51973e0fx5q7r0qjat49rv265lp368429y1j6djqdm8z92438ku62tag25j75u0vf7ugt7elmzg45xr93rvwckzyz51h3olo0q8gaxaue560l1f59i5k354c514l54kk2854vm9g4u9w6y5",
    "pageCount": 155,
    "excerpt": "Reprehenderit a facere a cupiditate reiciendis. Possimus aliquid repellendus adipisci voluptatum minima inventore.",
    "publishDate": "2025-08-11T03:25:14.852547Z"
}
HTTP/1.1 200 OK
Content-Length: 0
Date: Mon, 11 Aug 2025 03:25:14 GMT
Server: Kestrel
api-supported-versions: 1.0
]]></system-out>
  </testcase>
  <testcase name="createBookWithSqlInjection" classname="com.bookstore.book.BookEdgeCaseTest" time="0.184">
    <system-out><![CDATA[HTTP/1.1 200 OK
Content-Type: application/json; charset=utf-8; v=1.0
Date: Mon, 11 Aug 2025 03:25:14 GMT
Server: Kestrel
Transfer-Encoding: chunked
api-supported-versions: 1.0

{
    "id": 411102,
    "title": "Robert'); DROP TABLE Books;--",
    "description": "Repudiandae eum libero.",
    "pageCount": 228,
    "excerpt": "Unde nobis minus quos magnam molestiae. Alias dicta mollitia beatae commodi.",
    "publishDate": "2025-08-11T03:25:15.291948Z"
}
]]></system-out>
  </testcase>
  <testcase name="createBookWithMissingFields" classname="com.bookstore.book.BookEdgeCaseTest" time="0.189">
    <system-out><![CDATA[HTTP/1.1 400 Bad Request
Content-Type: application/problem+json; charset=utf-8
Date: Mon, 11 Aug 2025 03:25:15 GMT
Server: Kestrel
Transfer-Encoding: chunked

{
    "type": "https://tools.ietf.org/html/rfc7231#section-6.5.1",
    "title": "One or more validation errors occurred.",
    "status": 400,
    "traceId": "00-4754ec4a4e2dce4e9a80123bee1bb7c1-f58cd8c7f83a1044-00",
    "errors": {
        "$.id": [
            "The JSON value could not be converted to System.Int32. Path: $.id | LineNumber: 0 | BytePositionInLine: 10."
        ]
    }
}
]]></system-out>
  </testcase>
  <testcase name="createBookWithXssAttempt" classname="com.bookstore.book.BookEdgeCaseTest" time="0.199">
    <system-out><![CDATA[HTTP/1.1 200 OK
Content-Type: application/json; charset=utf-8; v=1.0
Date: Mon, 11 Aug 2025 03:25:15 GMT
Server: Kestrel
Transfer-Encoding: chunked
api-supported-versions: 1.0

{
    "id": 569304,
    "title": "<script>alert('XSS')</script>",
    "description": "<img src=x onerror=alert('XSS')>",
    "pageCount": 357,
    "excerpt": "Est pariatur corporis dicta in sint. Qui quidem maxime iure ullam iure.",
    "publishDate": "2025-08-11T03:25:15.669395Z"
}
]]></system-out>
  </testcase>
</testsuite>